[ 2016-11-15T10:02:35+08:00 ] ::1 /thinphp/
INFO: [ app_init ] --START--
INFO: Run Behavior\BuildLiteBehavior [ RunTime:0.000033s ]
INFO: [ app_init ] --END-- [ RunTime:0.001225s ]
INFO: [ app_begin ] --START--
INFO: Run Behavior\ReadHtmlCacheBehavior [ RunTime:0.000532s ]
ERR: 1146:Table 'thinkphp.config' doesn't exist
 [ SQL语句 ] : SHOW COLUMNS FROM `config`
ERR: 1146:Table 'thinkphp.config' doesn't exist
 [ SQL语句 ] : SHOW COLUMNS FROM `config`

[ 2016-11-15T10:03:03+08:00 ] ::1 /thinphp/
INFO: [ app_init ] --START--
INFO: Run Behavior\BuildLiteBehavior [ RunTime:0.000020s ]
INFO: [ app_init ] --END-- [ RunTime:0.000390s ]
INFO: [ app_begin ] --START--
INFO: Run Behavior\ReadHtmlCacheBehavior [ RunTime:0.000431s ]
SQL: SHOW COLUMNS FROM `config` [ RunTime:0.0070s ]
SQL: SELECT * FROM `config` WHERE `id` = 1 LIMIT 1   [ RunTime:0.0018s ]
INFO: Run Common\Behaviors\AppBegin [ RunTime:0.026643s ]
INFO: [ app_begin ] --END-- [ RunTime:0.027199s ]
ERR: 1146:Table 'thinkphp.user' doesn't exist
 [ SQL语句 ] : SHOW COLUMNS FROM `user`
ERR: 1146:Table 'thinkphp.user' doesn't exist
 [ SQL语句 ] : SHOW COLUMNS FROM `user`

[ 2016-11-15T10:03:21+08:00 ] ::1 /thinphp/
INFO: [ app_init ] --START--
INFO: Run Behavior\BuildLiteBehavior [ RunTime:0.000028s ]
INFO: [ app_init ] --END-- [ RunTime:0.000511s ]
INFO: [ app_begin ] --START--
INFO: Run Behavior\ReadHtmlCacheBehavior [ RunTime:0.000511s ]
SQL: SHOW COLUMNS FROM `config` [ RunTime:0.0049s ]
SQL: SELECT * FROM `config` WHERE `id` = 1 LIMIT 1   [ RunTime:0.0017s ]
INFO: Run Common\Behaviors\AppBegin [ RunTime:0.025613s ]
INFO: [ app_begin ] --END-- [ RunTime:0.026246s ]
SQL: SHOW COLUMNS FROM `user` [ RunTime:0.0049s ]
SQL: SELECT * FROM `user`  [ RunTime:0.0017s ]
INFO: [ view_parse ] --START--
INFO: [ template_filter ] --START--
INFO: Run Behavior\ContentReplaceBehavior [ RunTime:0.000113s ]
INFO: [ template_filter ] --END-- [ RunTime:0.000186s ]
INFO: Run Behavior\ParseTemplateBehavior [ RunTime:0.023128s ]
INFO: [ view_parse ] --END-- [ RunTime:0.023207s ]
INFO: [ view_filter ] --START--
INFO: Run Behavior\WriteHtmlCacheBehavior [ RunTime:0.000126s ]
INFO: [ view_filter ] --END-- [ RunTime:0.000169s ]
INFO: [ app_end ] --START--
INFO: Run Behavior\ShowPageTraceBehavior [ RunTime:0.000510s ]
INFO: [ app_end ] --END-- [ RunTime:0.000582s ]

[ 2016-11-15T10:03:24+08:00 ] ::1 /thinphp/
INFO: [ app_init ] --START--
INFO: Run Behavior\BuildLiteBehavior [ RunTime:0.000019s ]
INFO: [ app_init ] --END-- [ RunTime:0.000460s ]
INFO: [ app_begin ] --START--
INFO: Run Behavior\ReadHtmlCacheBehavior [ RunTime:0.000523s ]
SQL: SHOW COLUMNS FROM `config` [ RunTime:0.0047s ]
SQL: SELECT * FROM `config` WHERE `id` = 1 LIMIT 1   [ RunTime:0.0030s ]
INFO: Run Common\Behaviors\AppBegin [ RunTime:0.025620s ]
INFO: [ app_begin ] --END-- [ RunTime:0.026266s ]
SQL: SHOW COLUMNS FROM `user` [ RunTime:0.0050s ]
SQL: SELECT * FROM `user`  [ RunTime:0.0018s ]
INFO: [ view_parse ] --START--
INFO: [ template_filter ] --START--
INFO: Run Behavior\ContentReplaceBehavior [ RunTime:0.000093s ]
INFO: [ template_filter ] --END-- [ RunTime:0.000150s ]
INFO: Run Behavior\ParseTemplateBehavior [ RunTime:0.015891s ]
INFO: [ view_parse ] --END-- [ RunTime:0.015970s ]
INFO: [ view_filter ] --START--
INFO: Run Behavior\WriteHtmlCacheBehavior [ RunTime:0.000125s ]
INFO: [ view_filter ] --END-- [ RunTime:0.000169s ]
INFO: [ app_end ] --START--
INFO: Run Behavior\ShowPageTraceBehavior [ RunTime:0.000490s ]
INFO: [ app_end ] --END-- [ RunTime:0.000554s ]

[ 2016-11-15T10:03:36+08:00 ] ::1 /thinphp/index.php/Admin/wx/set.html
INFO: [ app_init ] --START--
INFO: Run Behavior\BuildLiteBehavior [ RunTime:0.000023s ]
INFO: [ app_init ] --END-- [ RunTime:0.000604s ]
INFO: [ app_begin ] --START--
INFO: Run Behavior\ReadHtmlCacheBehavior [ RunTime:0.001065s ]
SQL: SHOW COLUMNS FROM `config` [ RunTime:0.0047s ]
SQL: SELECT * FROM `config` WHERE `id` = 1 LIMIT 1   [ RunTime:0.0018s ]
INFO: Run Common\Behaviors\AppBegin [ RunTime:0.023700s ]
INFO: [ app_begin ] --END-- [ RunTime:0.024909s ]
ERR: 1146:Table 'thinkphp.wechat' doesn't exist
 [ SQL语句 ] : SHOW COLUMNS FROM `wechat`
ERR: 1146:Table 'thinkphp.wechat' doesn't exist
 [ SQL语句 ] : SHOW COLUMNS FROM `wechat`

[ 2016-11-15T10:03:49+08:00 ] ::1 /thinphp/index.php/Admin/wx/set.html
INFO: [ app_init ] --START--
INFO: Run Behavior\BuildLiteBehavior [ RunTime:0.000022s ]
INFO: [ app_init ] --END-- [ RunTime:0.000480s ]
INFO: [ app_begin ] --START--
INFO: Run Behavior\ReadHtmlCacheBehavior [ RunTime:0.000448s ]
SQL: SHOW COLUMNS FROM `config` [ RunTime:0.0050s ]
SQL: SELECT * FROM `config` WHERE `id` = 1 LIMIT 1   [ RunTime:0.0018s ]
INFO: Run Common\Behaviors\AppBegin [ RunTime:0.023362s ]
INFO: [ app_begin ] --END-- [ RunTime:0.023921s ]
SQL: SHOW COLUMNS FROM `wechat` [ RunTime:0.0056s ]
SQL: SELECT * FROM `wechat` WHERE `id` = 1 LIMIT 1   [ RunTime:0.0017s ]
INFO: [ view_parse ] --START--
INFO: [ template_filter ] --START--
INFO: Run Behavior\ContentReplaceBehavior [ RunTime:0.002185s ]
INFO: [ template_filter ] --END-- [ RunTime:0.002306s ]
INFO: Run Behavior\ParseTemplateBehavior [ RunTime:0.020054s ]
INFO: [ view_parse ] --END-- [ RunTime:0.020163s ]
INFO: [ view_filter ] --START--
INFO: Run Behavior\WriteHtmlCacheBehavior [ RunTime:0.000263s ]
INFO: [ view_filter ] --END-- [ RunTime:0.000352s ]
INFO: [ app_end ] --START--
INFO: Run Behavior\ShowPageTraceBehavior [ RunTime:0.000702s ]
INFO: [ app_end ] --END-- [ RunTime:0.000779s ]

[ 2016-11-15T10:04:09+08:00 ] ::1 /thinphp/index.php/Admin/wx/set.html
INFO: [ app_init ] --START--
INFO: Run Behavior\BuildLiteBehavior [ RunTime:0.000020s ]
INFO: [ app_init ] --END-- [ RunTime:0.000396s ]
INFO: [ app_begin ] --START--
INFO: Run Behavior\ReadHtmlCacheBehavior [ RunTime:0.000429s ]
SQL: SHOW COLUMNS FROM `config` [ RunTime:0.0049s ]
SQL: SELECT * FROM `config` WHERE `id` = 1 LIMIT 1   [ RunTime:0.0017s ]
INFO: Run Common\Behaviors\AppBegin [ RunTime:0.023061s ]
INFO: [ app_begin ] --END-- [ RunTime:0.023602s ]
SQL: SHOW COLUMNS FROM `wechat` [ RunTime:0.0047s ]
NOTIC: [8] Undefined index: validate /www/thinphp/ThinkPHP/Library/Think/Model.class.php 第 1185 行.
NOTIC: [8] Undefined index: auto /www/thinphp/ThinkPHP/Library/Think/Model.class.php 第 1128 行.
SQL: UPDATE `wechat` SET `data`='{{field}}' WHERE `id` = 1 [ RunTime:0.0227s ]
INFO: [ view_parse ] --START--
INFO: [ template_filter ] --START--
INFO: Run Behavior\ContentReplaceBehavior [ RunTime:0.000070s ]
INFO: [ template_filter ] --END-- [ RunTime:0.000144s ]
INFO: Run Behavior\ParseTemplateBehavior [ RunTime:0.009449s ]
INFO: [ view_parse ] --END-- [ RunTime:0.009552s ]
INFO: [ view_filter ] --START--
INFO: Run Behavior\WriteHtmlCacheBehavior [ RunTime:0.000143s ]
INFO: [ view_filter ] --END-- [ RunTime:0.000196s ]

[ 2016-11-15T10:04:10+08:00 ] ::1 /thinphp/index.php/Admin/wx/set.html
INFO: [ app_init ] --START--
INFO: Run Behavior\BuildLiteBehavior [ RunTime:0.000017s ]
INFO: [ app_init ] --END-- [ RunTime:0.000388s ]
INFO: [ app_begin ] --START--
INFO: Run Behavior\ReadHtmlCacheBehavior [ RunTime:0.000561s ]
SQL: SHOW COLUMNS FROM `config` [ RunTime:0.0051s ]
SQL: SELECT * FROM `config` WHERE `id` = 1 LIMIT 1   [ RunTime:0.0017s ]
INFO: Run Common\Behaviors\AppBegin [ RunTime:0.023733s ]
INFO: [ app_begin ] --END-- [ RunTime:0.024412s ]
SQL: SHOW COLUMNS FROM `wechat` [ RunTime:0.0046s ]
SQL: SELECT * FROM `wechat` WHERE `id` = 1 LIMIT 1   [ RunTime:0.0017s ]
INFO: [ view_parse ] --START--
INFO: [ template_filter ] --START--
INFO: Run Behavior\ContentReplaceBehavior [ RunTime:0.000067s ]
INFO: [ template_filter ] --END-- [ RunTime:0.000141s ]
INFO: Run Behavior\ParseTemplateBehavior [ RunTime:0.014867s ]
INFO: [ view_parse ] --END-- [ RunTime:0.014933s ]
INFO: [ view_filter ] --START--
INFO: Run Behavior\WriteHtmlCacheBehavior [ RunTime:0.000136s ]
INFO: [ view_filter ] --END-- [ RunTime:0.000181s ]
INFO: [ app_end ] --START--
INFO: Run Behavior\ShowPageTraceBehavior [ RunTime:0.000645s ]
INFO: [ app_end ] --END-- [ RunTime:0.000734s ]

